This file contains any messages produced by compilers while
running configure, to aid debugging if configure makes a mistake.

It was created by rogueclone2s configure 6.0, which was
generated by GNU Autoconf 2.69.  Invocation command line was

  $ ./configure CFLAGS=-g -O2 -w -Wno-return-type LDFLAGS=-lcurses -liconv

## --------- ##
## Platform. ##
## --------- ##

hostname = suzukiiichiro-2.local
uname -m = x86_64
uname -r = 16.6.0
uname -s = Darwin
uname -v = Darwin Kernel Version 16.6.0: Fri Apr 14 16:21:16 PDT 2017; root:xnu-3789.60.24~6/RELEASE_X86_64

/usr/bin/uname -p = i386
/bin/uname -X     = unknown

/bin/arch              = unknown
/usr/bin/arch -k       = unknown
/usr/convex/getsysinfo = unknown
/usr/bin/hostinfo      = Mach kernel version:
	 Darwin Kernel Version 16.6.0: Fri Apr 14 16:21:16 PDT 2017; root:xnu-3789.60.24~6/RELEASE_X86_64
Kernel configured for up to 8 processors.
4 processors are physically available.
8 processors are logically available.
Processor type: x86_64h (Intel x86-64h Haswell)
Processors active: 0 1 2 3 4 5 6 7
Primary memory available: 16.00 gigabytes
Default processor set: 293 tasks, 1297 threads, 8 processors
Load average: 1.62, Mach factor: 6.36
/bin/machine           = unknown
/usr/bin/oslevel       = unknown
/bin/universe          = unknown

PATH: /usr/local/opt/openssl/bin
PATH: /usr/local/opt/llvm/bin
PATH: /usr/local/ssl/bin
PATH: /usr/local/opt/libiconv/bin
PATH: /usr/local/opt/ncurses/bin
PATH: /usr/local/opt/libxml2/bin
PATH: /opt/local/libexec/gnubin
PATH: /usr/local/include
PATH: /opt/local/sbin
PATH: /opt/local/bin
PATH: /usr/local/bin
PATH: /usr/bin
PATH: /bin
PATH: /System/Library/Java/JavaVirtualMachines/1.6.0.jdk/Contents/Home/bin
PATH: /Developer/NVIDIA/CUDA-8.0/bin
PATH: /usr/local/opt/ncurses/bin
PATH: /Library/Developer/CommandLineTools/usr/bin/
PATH: /usr/local/opt/ncurses/bin
PATH: /usr/local/Cellar/lua/5.2.4_4/bin
PATH: /usr/bin
PATH: /bin
PATH: /usr/sbin
PATH: /sbin
PATH: /usr/local/bin


## ----------- ##
## Core tests. ##
## ----------- ##

configure:2234: checking for a BSD-compatible install
configure:2302: result: /usr/bin/install -c
configure:2313: checking whether build environment is sane
configure:2363: result: yes
configure:2504: checking for a thread-safe mkdir -p
configure:2543: result: ./install-sh -c -d
configure:2556: checking for gawk
configure:2572: found /opt/local/bin/gawk
configure:2583: result: gawk
configure:2594: checking whether make sets $(MAKE)
configure:2616: result: yes
configure:2749: checking for gcc
configure:2776: result: clang
configure:3005: checking for C compiler version
configure:3014: clang --version >&5
clang version 5.0.0 (tags/RELEASE_500/final)
Target: x86_64-apple-darwin16.6.0
Thread model: posix
InstalledDir: /usr/local/opt/llvm/bin
configure:3025: $? = 0
configure:3014: clang -v >&5
clang version 5.0.0 (tags/RELEASE_500/final)
Target: x86_64-apple-darwin16.6.0
Thread model: posix
InstalledDir: /usr/local/opt/llvm/bin
Found CUDA installation: /usr/local/cuda, version 8.0
configure:3025: $? = 0
configure:3014: clang -V >&5
clang-5.0: error: argument to '-V' is missing (expected 1 value)
clang-5.0: error: no input files
configure:3025: $? = 1
configure:3014: clang -qversion >&5
clang-5.0: error: unknown argument: '-qversion'
clang-5.0: error: no input files
configure:3025: $? = 1
configure:3045: checking whether the C compiler works
configure:3067: clang -g -O2 -w -Wno-return-type -I/usr/local/opt/libxml2/include -lcurses -liconv conftest.c  >&5
configure:3071: $? = 0
configure:3119: result: yes
configure:3122: checking for C compiler default output file name
configure:3124: result: a.out
configure:3130: checking for suffix of executables
configure:3137: clang -o conftest -g -O2 -w -Wno-return-type -I/usr/local/opt/libxml2/include -lcurses -liconv conftest.c  >&5
configure:3141: $? = 0
configure:3163: result: 
configure:3185: checking whether we are cross compiling
configure:3193: clang -o conftest -g -O2 -w -Wno-return-type -I/usr/local/opt/libxml2/include -lcurses -liconv conftest.c  >&5
configure:3197: $? = 0
configure:3204: ./conftest
configure:3208: $? = 0
configure:3223: result: no
configure:3228: checking for suffix of object files
configure:3250: clang -c -g -O2 -w -Wno-return-type -I/usr/local/opt/libxml2/include conftest.c >&5
configure:3254: $? = 0
configure:3275: result: o
configure:3279: checking whether we are using the GNU C compiler
configure:3298: clang -c -g -O2 -w -Wno-return-type -I/usr/local/opt/libxml2/include conftest.c >&5
configure:3298: $? = 0
configure:3307: result: yes
configure:3316: checking whether clang accepts -g
configure:3336: clang -c -g -I/usr/local/opt/libxml2/include conftest.c >&5
configure:3336: $? = 0
configure:3377: result: yes
configure:3394: checking for clang option to accept ISO C89
configure:3457: clang  -c -g -O2 -w -Wno-return-type -I/usr/local/opt/libxml2/include conftest.c >&5
configure:3457: $? = 0
configure:3470: result: none needed
configure:3501: checking for style of include used by make
configure:3529: result: GNU
configure:3554: checking dependency style of clang
configure:3664: result: gcc3
configure:3680: checking whether clang and cc understand -c and -o together
configure:3711: clang -c conftest.c -o conftest2.o >&5
configure:3715: $? = 0
configure:3721: clang -c conftest.c -o conftest2.o >&5
configure:3725: $? = 0
configure:3736: cc -c conftest.c >&5
configure:3740: $? = 0
configure:3748: cc -c conftest.c -o conftest2.o >&5
configure:3752: $? = 0
configure:3758: cc -c conftest.c -o conftest2.o >&5
configure:3762: $? = 0
configure:3780: result: yes
configure:3815: checking how to run the C preprocessor
configure:3846: clang -E -I/usr/local/opt/libxml2/include conftest.c
configure:3846: $? = 0
configure:3860: clang -E -I/usr/local/opt/libxml2/include conftest.c
conftest.c:11:10: fatal error: 'ac_nonexistent.h' file not found
#include <ac_nonexistent.h>
         ^~~~~~~~~~~~~~~~~~
1 error generated.
configure:3860: $? = 1
configure: failed program was:
| /* confdefs.h */
| #define PACKAGE_NAME "rogueclone2s"
| #define PACKAGE_TARNAME "rogueclone2s"
| #define PACKAGE_VERSION "6.0"
| #define PACKAGE_STRING "rogueclone2s 6.0"
| #define PACKAGE_BUGREPORT "http://homepage2.nifty.com/107steps/"
| #define PACKAGE_URL ""
| #define PACKAGE "rogueclone2s"
| #define VERSION "6.0"
| /* end confdefs.h.  */
| #include <ac_nonexistent.h>
configure:3885: result: clang -E
configure:3905: clang -E -I/usr/local/opt/libxml2/include conftest.c
configure:3905: $? = 0
configure:3919: clang -E -I/usr/local/opt/libxml2/include conftest.c
conftest.c:11:10: fatal error: 'ac_nonexistent.h' file not found
#include <ac_nonexistent.h>
         ^~~~~~~~~~~~~~~~~~
1 error generated.
configure:3919: $? = 1
configure: failed program was:
| /* confdefs.h */
| #define PACKAGE_NAME "rogueclone2s"
| #define PACKAGE_TARNAME "rogueclone2s"
| #define PACKAGE_VERSION "6.0"
| #define PACKAGE_STRING "rogueclone2s 6.0"
| #define PACKAGE_BUGREPORT "http://homepage2.nifty.com/107steps/"
| #define PACKAGE_URL ""
| #define PACKAGE "rogueclone2s"
| #define VERSION "6.0"
| /* end confdefs.h.  */
| #include <ac_nonexistent.h>
configure:3948: checking for grep that handles long lines and -e
configure:4006: result: /opt/local/bin/grep
configure:4011: checking for egrep
configure:4073: result: /opt/local/bin/grep -E
configure:4078: checking for ANSI C header files
configure:4098: clang -c -g -O2 -w -Wno-return-type -I/usr/local/opt/libxml2/include conftest.c >&5
configure:4098: $? = 0
configure:4171: clang -o conftest -g -O2 -w -Wno-return-type -I/usr/local/opt/libxml2/include -lcurses -liconv conftest.c  >&5
configure:4171: $? = 0
configure:4171: ./conftest
configure:4171: $? = 0
configure:4182: result: yes
configure:4195: checking for sys/types.h
configure:4195: clang -c -g -O2 -w -Wno-return-type -I/usr/local/opt/libxml2/include conftest.c >&5
configure:4195: $? = 0
configure:4195: result: yes
configure:4195: checking for sys/stat.h
configure:4195: clang -c -g -O2 -w -Wno-return-type -I/usr/local/opt/libxml2/include conftest.c >&5
configure:4195: $? = 0
configure:4195: result: yes
configure:4195: checking for stdlib.h
configure:4195: clang -c -g -O2 -w -Wno-return-type -I/usr/local/opt/libxml2/include conftest.c >&5
configure:4195: $? = 0
configure:4195: result: yes
configure:4195: checking for string.h
configure:4195: clang -c -g -O2 -w -Wno-return-type -I/usr/local/opt/libxml2/include conftest.c >&5
configure:4195: $? = 0
configure:4195: result: yes
configure:4195: checking for memory.h
configure:4195: clang -c -g -O2 -w -Wno-return-type -I/usr/local/opt/libxml2/include conftest.c >&5
configure:4195: $? = 0
configure:4195: result: yes
configure:4195: checking for strings.h
configure:4195: clang -c -g -O2 -w -Wno-return-type -I/usr/local/opt/libxml2/include conftest.c >&5
configure:4195: $? = 0
configure:4195: result: yes
configure:4195: checking for inttypes.h
configure:4195: clang -c -g -O2 -w -Wno-return-type -I/usr/local/opt/libxml2/include conftest.c >&5
configure:4195: $? = 0
configure:4195: result: yes
configure:4195: checking for stdint.h
configure:4195: clang -c -g -O2 -w -Wno-return-type -I/usr/local/opt/libxml2/include conftest.c >&5
configure:4195: $? = 0
configure:4195: result: yes
configure:4195: checking for unistd.h
configure:4195: clang -c -g -O2 -w -Wno-return-type -I/usr/local/opt/libxml2/include conftest.c >&5
configure:4195: $? = 0
configure:4195: result: yes
configure:4210: checking fcntl.h usability
configure:4210: clang -c -g -O2 -w -Wno-return-type -I/usr/local/opt/libxml2/include conftest.c >&5
configure:4210: $? = 0
configure:4210: result: yes
configure:4210: checking fcntl.h presence
configure:4210: clang -E -I/usr/local/opt/libxml2/include conftest.c
configure:4210: $? = 0
configure:4210: result: yes
configure:4210: checking for fcntl.h
configure:4210: result: yes
configure:4210: checking sgtty.h usability
configure:4210: clang -c -g -O2 -w -Wno-return-type -I/usr/local/opt/libxml2/include conftest.c >&5
configure:4210: $? = 0
configure:4210: result: yes
configure:4210: checking sgtty.h presence
configure:4210: clang -E -I/usr/local/opt/libxml2/include conftest.c
configure:4210: $? = 0
configure:4210: result: yes
configure:4210: checking for sgtty.h
configure:4210: result: yes
configure:4210: checking for stdlib.h
configure:4210: result: yes
configure:4210: checking for string.h
configure:4210: result: yes
configure:4210: checking for strings.h
configure:4210: result: yes
configure:4210: checking sys/file.h usability
configure:4210: clang -c -g -O2 -w -Wno-return-type -I/usr/local/opt/libxml2/include conftest.c >&5
configure:4210: $? = 0
configure:4210: result: yes
configure:4210: checking sys/file.h presence
configure:4210: clang -E -I/usr/local/opt/libxml2/include conftest.c
configure:4210: $? = 0
configure:4210: result: yes
configure:4210: checking for sys/file.h
configure:4210: result: yes
configure:4210: checking sys/time.h usability
configure:4210: clang -c -g -O2 -w -Wno-return-type -I/usr/local/opt/libxml2/include conftest.c >&5
configure:4210: $? = 0
configure:4210: result: yes
configure:4210: checking sys/time.h presence
configure:4210: clang -E -I/usr/local/opt/libxml2/include conftest.c
configure:4210: $? = 0
configure:4210: result: yes
configure:4210: checking for sys/time.h
configure:4210: result: yes
configure:4210: checking termio.h usability
configure:4210: clang -c -g -O2 -w -Wno-return-type -I/usr/local/opt/libxml2/include conftest.c >&5
conftest.c:61:10: fatal error: 'termio.h' file not found
#include <termio.h>
         ^~~~~~~~~~
1 error generated.
configure:4210: $? = 1
configure: failed program was:
| /* confdefs.h */
| #define PACKAGE_NAME "rogueclone2s"
| #define PACKAGE_TARNAME "rogueclone2s"
| #define PACKAGE_VERSION "6.0"
| #define PACKAGE_STRING "rogueclone2s 6.0"
| #define PACKAGE_BUGREPORT "http://homepage2.nifty.com/107steps/"
| #define PACKAGE_URL ""
| #define PACKAGE "rogueclone2s"
| #define VERSION "6.0"
| #define STDC_HEADERS 1
| #define HAVE_SYS_TYPES_H 1
| #define HAVE_SYS_STAT_H 1
| #define HAVE_STDLIB_H 1
| #define HAVE_STRING_H 1
| #define HAVE_MEMORY_H 1
| #define HAVE_STRINGS_H 1
| #define HAVE_INTTYPES_H 1
| #define HAVE_STDINT_H 1
| #define HAVE_UNISTD_H 1
| #define HAVE_FCNTL_H 1
| #define HAVE_SGTTY_H 1
| #define HAVE_STDLIB_H 1
| #define HAVE_STRING_H 1
| #define HAVE_STRINGS_H 1
| #define HAVE_SYS_FILE_H 1
| #define HAVE_SYS_TIME_H 1
| /* end confdefs.h.  */
| #include <stdio.h>
| #ifdef HAVE_SYS_TYPES_H
| # include <sys/types.h>
| #endif
| #ifdef HAVE_SYS_STAT_H
| # include <sys/stat.h>
| #endif
| #ifdef STDC_HEADERS
| # include <stdlib.h>
| # include <stddef.h>
| #else
| # ifdef HAVE_STDLIB_H
| #  include <stdlib.h>
| # endif
| #endif
| #ifdef HAVE_STRING_H
| # if !defined STDC_HEADERS && defined HAVE_MEMORY_H
| #  include <memory.h>
| # endif
| # include <string.h>
| #endif
| #ifdef HAVE_STRINGS_H
| # include <strings.h>
| #endif
| #ifdef HAVE_INTTYPES_H
| # include <inttypes.h>
| #endif
| #ifdef HAVE_STDINT_H
| # include <stdint.h>
| #endif
| #ifdef HAVE_UNISTD_H
| # include <unistd.h>
| #endif
| #include <termio.h>
configure:4210: result: no
configure:4210: checking termio.h presence
configure:4210: clang -E -I/usr/local/opt/libxml2/include conftest.c
conftest.c:28:10: fatal error: 'termio.h' file not found
#include <termio.h>
         ^~~~~~~~~~
1 error generated.
configure:4210: $? = 1
configure: failed program was:
| /* confdefs.h */
| #define PACKAGE_NAME "rogueclone2s"
| #define PACKAGE_TARNAME "rogueclone2s"
| #define PACKAGE_VERSION "6.0"
| #define PACKAGE_STRING "rogueclone2s 6.0"
| #define PACKAGE_BUGREPORT "http://homepage2.nifty.com/107steps/"
| #define PACKAGE_URL ""
| #define PACKAGE "rogueclone2s"
| #define VERSION "6.0"
| #define STDC_HEADERS 1
| #define HAVE_SYS_TYPES_H 1
| #define HAVE_SYS_STAT_H 1
| #define HAVE_STDLIB_H 1
| #define HAVE_STRING_H 1
| #define HAVE_MEMORY_H 1
| #define HAVE_STRINGS_H 1
| #define HAVE_INTTYPES_H 1
| #define HAVE_STDINT_H 1
| #define HAVE_UNISTD_H 1
| #define HAVE_FCNTL_H 1
| #define HAVE_SGTTY_H 1
| #define HAVE_STDLIB_H 1
| #define HAVE_STRING_H 1
| #define HAVE_STRINGS_H 1
| #define HAVE_SYS_FILE_H 1
| #define HAVE_SYS_TIME_H 1
| /* end confdefs.h.  */
| #include <termio.h>
configure:4210: result: no
configure:4210: checking for termio.h
configure:4210: result: no
configure:4210: checking for unistd.h
configure:4210: result: yes
configure:4222: checking for an ANSI C-conforming const
configure:4288: clang -c -g -O2 -w -Wno-return-type -I/usr/local/opt/libxml2/include conftest.c >&5
configure:4288: $? = 0
configure:4295: result: yes
configure:4303: checking for size_t
configure:4303: clang -c -g -O2 -w -Wno-return-type -I/usr/local/opt/libxml2/include conftest.c >&5
configure:4303: $? = 0
configure:4303: clang -c -g -O2 -w -Wno-return-type -I/usr/local/opt/libxml2/include conftest.c >&5
conftest.c:65:21: error: expected expression
if (sizeof ((size_t)))
                    ^
1 error generated.
configure:4303: $? = 1
configure: failed program was:
| /* confdefs.h */
| #define PACKAGE_NAME "rogueclone2s"
| #define PACKAGE_TARNAME "rogueclone2s"
| #define PACKAGE_VERSION "6.0"
| #define PACKAGE_STRING "rogueclone2s 6.0"
| #define PACKAGE_BUGREPORT "http://homepage2.nifty.com/107steps/"
| #define PACKAGE_URL ""
| #define PACKAGE "rogueclone2s"
| #define VERSION "6.0"
| #define STDC_HEADERS 1
| #define HAVE_SYS_TYPES_H 1
| #define HAVE_SYS_STAT_H 1
| #define HAVE_STDLIB_H 1
| #define HAVE_STRING_H 1
| #define HAVE_MEMORY_H 1
| #define HAVE_STRINGS_H 1
| #define HAVE_INTTYPES_H 1
| #define HAVE_STDINT_H 1
| #define HAVE_UNISTD_H 1
| #define HAVE_FCNTL_H 1
| #define HAVE_SGTTY_H 1
| #define HAVE_STDLIB_H 1
| #define HAVE_STRING_H 1
| #define HAVE_STRINGS_H 1
| #define HAVE_SYS_FILE_H 1
| #define HAVE_SYS_TIME_H 1
| #define HAVE_UNISTD_H 1
| /* end confdefs.h.  */
| #include <stdio.h>
| #ifdef HAVE_SYS_TYPES_H
| # include <sys/types.h>
| #endif
| #ifdef HAVE_SYS_STAT_H
| # include <sys/stat.h>
| #endif
| #ifdef STDC_HEADERS
| # include <stdlib.h>
| # include <stddef.h>
| #else
| # ifdef HAVE_STDLIB_H
| #  include <stdlib.h>
| # endif
| #endif
| #ifdef HAVE_STRING_H
| # if !defined STDC_HEADERS && defined HAVE_MEMORY_H
| #  include <memory.h>
| # endif
| # include <string.h>
| #endif
| #ifdef HAVE_STRINGS_H
| # include <strings.h>
| #endif
| #ifdef HAVE_INTTYPES_H
| # include <inttypes.h>
| #endif
| #ifdef HAVE_STDINT_H
| # include <stdint.h>
| #endif
| #ifdef HAVE_UNISTD_H
| # include <unistd.h>
| #endif
| int
| main ()
| {
| if (sizeof ((size_t)))
| 	    return 0;
|   ;
|   return 0;
| }
configure:4303: result: yes
configure:4314: checking whether struct tm is in sys/time.h or time.h
configure:4334: clang -c -g -O2 -w -Wno-return-type -I/usr/local/opt/libxml2/include conftest.c >&5
configure:4334: $? = 0
configure:4341: result: time.h
configure:4352: checking whether clang needs -traditional
conftest.c:29:10: fatal error: 'termio.h' file not found
#include <termio.h>
         ^~~~~~~~~~
1 error generated.
configure:4386: result: no
configure:4393: checking for working memcmp
configure:4436: clang -o conftest -g -O2 -w -Wno-return-type -I/usr/local/opt/libxml2/include -lcurses -liconv conftest.c  >&5
configure:4436: $? = 0
configure:4436: ./conftest
configure:4436: $? = 0
configure:4446: result: yes
configure:4455: checking return type of signal handlers
configure:4473: clang -c -g -O2 -w -Wno-return-type -I/usr/local/opt/libxml2/include conftest.c >&5
conftest.c:35:8: error: indirection requires pointer operand ('void' invalid)
return *(signal (0, 0)) (0) == 1;
       ^~~~~~~~~~~~~~~~~~~~
1 error generated.
configure:4473: $? = 1
configure: failed program was:
| /* confdefs.h */
| #define PACKAGE_NAME "rogueclone2s"
| #define PACKAGE_TARNAME "rogueclone2s"
| #define PACKAGE_VERSION "6.0"
| #define PACKAGE_STRING "rogueclone2s 6.0"
| #define PACKAGE_BUGREPORT "http://homepage2.nifty.com/107steps/"
| #define PACKAGE_URL ""
| #define PACKAGE "rogueclone2s"
| #define VERSION "6.0"
| #define STDC_HEADERS 1
| #define HAVE_SYS_TYPES_H 1
| #define HAVE_SYS_STAT_H 1
| #define HAVE_STDLIB_H 1
| #define HAVE_STRING_H 1
| #define HAVE_MEMORY_H 1
| #define HAVE_STRINGS_H 1
| #define HAVE_INTTYPES_H 1
| #define HAVE_STDINT_H 1
| #define HAVE_UNISTD_H 1
| #define HAVE_FCNTL_H 1
| #define HAVE_SGTTY_H 1
| #define HAVE_STDLIB_H 1
| #define HAVE_STRING_H 1
| #define HAVE_STRINGS_H 1
| #define HAVE_SYS_FILE_H 1
| #define HAVE_SYS_TIME_H 1
| #define HAVE_UNISTD_H 1
| /* end confdefs.h.  */
| #include <sys/types.h>
| #include <signal.h>
| 
| int
| main ()
| {
| return *(signal (0, 0)) (0) == 1;
|   ;
|   return 0;
| }
configure:4480: result: void
configure:4488: checking whether lstat correctly handles trailing slash
configure:4514: clang -o conftest -g -O2 -w -Wno-return-type -I/usr/local/opt/libxml2/include -lcurses -liconv conftest.c  >&5
configure:4514: $? = 0
configure:4514: ./conftest
configure:4514: $? = 1
configure: program exited with status 1
configure: failed program was:
| /* confdefs.h */
| #define PACKAGE_NAME "rogueclone2s"
| #define PACKAGE_TARNAME "rogueclone2s"
| #define PACKAGE_VERSION "6.0"
| #define PACKAGE_STRING "rogueclone2s 6.0"
| #define PACKAGE_BUGREPORT "http://homepage2.nifty.com/107steps/"
| #define PACKAGE_URL ""
| #define PACKAGE "rogueclone2s"
| #define VERSION "6.0"
| #define STDC_HEADERS 1
| #define HAVE_SYS_TYPES_H 1
| #define HAVE_SYS_STAT_H 1
| #define HAVE_STDLIB_H 1
| #define HAVE_STRING_H 1
| #define HAVE_MEMORY_H 1
| #define HAVE_STRINGS_H 1
| #define HAVE_INTTYPES_H 1
| #define HAVE_STDINT_H 1
| #define HAVE_UNISTD_H 1
| #define HAVE_FCNTL_H 1
| #define HAVE_SGTTY_H 1
| #define HAVE_STDLIB_H 1
| #define HAVE_STRING_H 1
| #define HAVE_STRINGS_H 1
| #define HAVE_SYS_FILE_H 1
| #define HAVE_SYS_TIME_H 1
| #define HAVE_UNISTD_H 1
| #define RETSIGTYPE void
| /* end confdefs.h.  */
| #include <stdio.h>
| #ifdef HAVE_SYS_TYPES_H
| # include <sys/types.h>
| #endif
| #ifdef HAVE_SYS_STAT_H
| # include <sys/stat.h>
| #endif
| #ifdef STDC_HEADERS
| # include <stdlib.h>
| # include <stddef.h>
| #else
| # ifdef HAVE_STDLIB_H
| #  include <stdlib.h>
| # endif
| #endif
| #ifdef HAVE_STRING_H
| # if !defined STDC_HEADERS && defined HAVE_MEMORY_H
| #  include <memory.h>
| # endif
| # include <string.h>
| #endif
| #ifdef HAVE_STRINGS_H
| # include <strings.h>
| #endif
| #ifdef HAVE_INTTYPES_H
| # include <inttypes.h>
| #endif
| #ifdef HAVE_STDINT_H
| # include <stdint.h>
| #endif
| #ifdef HAVE_UNISTD_H
| # include <unistd.h>
| #endif
| int
| main ()
| {
| struct stat sbuf;
|      /* Linux will dereference the symlink and fail, as required by POSIX.
| 	That is better in the sense that it means we will not
| 	have to compile and use the lstat wrapper.  */
|      return lstat ("conftest.sym/", &sbuf) == 0;
|   ;
|   return 0;
| }
configure:4531: result: no
configure:4550: checking whether stat accepts an empty string
configure:4570: clang -o conftest -g -O2 -w -Wno-return-type -I/usr/local/opt/libxml2/include -lcurses -liconv conftest.c  >&5
configure:4570: $? = 0
configure:4570: ./conftest
configure:4570: $? = 0
configure:4580: result: no
configure:4598: checking for stdlib.h
configure:4598: result: yes
configure:4608: checking for GNU libc compatible malloc
configure:4632: clang -o conftest -g -O2 -w -Wno-return-type -I/usr/local/opt/libxml2/include -lcurses -liconv conftest.c  >&5
configure:4632: $? = 0
configure:4632: ./conftest
configure:4632: $? = 0
configure:4642: result: yes
configure:4666: checking windows.h usability
configure:4666: clang -c -g -O2 -w -Wno-return-type -I/usr/local/opt/libxml2/include conftest.c >&5
conftest.c:65:10: fatal error: 'windows.h' file not found
#include <windows.h>
         ^~~~~~~~~~~
1 error generated.
configure:4666: $? = 1
configure: failed program was:
| /* confdefs.h */
| #define PACKAGE_NAME "rogueclone2s"
| #define PACKAGE_TARNAME "rogueclone2s"
| #define PACKAGE_VERSION "6.0"
| #define PACKAGE_STRING "rogueclone2s 6.0"
| #define PACKAGE_BUGREPORT "http://homepage2.nifty.com/107steps/"
| #define PACKAGE_URL ""
| #define PACKAGE "rogueclone2s"
| #define VERSION "6.0"
| #define STDC_HEADERS 1
| #define HAVE_SYS_TYPES_H 1
| #define HAVE_SYS_STAT_H 1
| #define HAVE_STDLIB_H 1
| #define HAVE_STRING_H 1
| #define HAVE_MEMORY_H 1
| #define HAVE_STRINGS_H 1
| #define HAVE_INTTYPES_H 1
| #define HAVE_STDINT_H 1
| #define HAVE_UNISTD_H 1
| #define HAVE_FCNTL_H 1
| #define HAVE_SGTTY_H 1
| #define HAVE_STDLIB_H 1
| #define HAVE_STRING_H 1
| #define HAVE_STRINGS_H 1
| #define HAVE_SYS_FILE_H 1
| #define HAVE_SYS_TIME_H 1
| #define HAVE_UNISTD_H 1
| #define RETSIGTYPE void
| #define HAVE_STDLIB_H 1
| #define HAVE_MALLOC 1
| /* end confdefs.h.  */
| #include <stdio.h>
| #ifdef HAVE_SYS_TYPES_H
| # include <sys/types.h>
| #endif
| #ifdef HAVE_SYS_STAT_H
| # include <sys/stat.h>
| #endif
| #ifdef STDC_HEADERS
| # include <stdlib.h>
| # include <stddef.h>
| #else
| # ifdef HAVE_STDLIB_H
| #  include <stdlib.h>
| # endif
| #endif
| #ifdef HAVE_STRING_H
| # if !defined STDC_HEADERS && defined HAVE_MEMORY_H
| #  include <memory.h>
| # endif
| # include <string.h>
| #endif
| #ifdef HAVE_STRINGS_H
| # include <strings.h>
| #endif
| #ifdef HAVE_INTTYPES_H
| # include <inttypes.h>
| #endif
| #ifdef HAVE_STDINT_H
| # include <stdint.h>
| #endif
| #ifdef HAVE_UNISTD_H
| # include <unistd.h>
| #endif
| #include <windows.h>
configure:4666: result: no
configure:4666: checking windows.h presence
configure:4666: clang -E -I/usr/local/opt/libxml2/include conftest.c
conftest.c:32:10: fatal error: 'windows.h' file not found
#include <windows.h>
         ^~~~~~~~~~~
1 error generated.
configure:4666: $? = 1
configure: failed program was:
| /* confdefs.h */
| #define PACKAGE_NAME "rogueclone2s"
| #define PACKAGE_TARNAME "rogueclone2s"
| #define PACKAGE_VERSION "6.0"
| #define PACKAGE_STRING "rogueclone2s 6.0"
| #define PACKAGE_BUGREPORT "http://homepage2.nifty.com/107steps/"
| #define PACKAGE_URL ""
| #define PACKAGE "rogueclone2s"
| #define VERSION "6.0"
| #define STDC_HEADERS 1
| #define HAVE_SYS_TYPES_H 1
| #define HAVE_SYS_STAT_H 1
| #define HAVE_STDLIB_H 1
| #define HAVE_STRING_H 1
| #define HAVE_MEMORY_H 1
| #define HAVE_STRINGS_H 1
| #define HAVE_INTTYPES_H 1
| #define HAVE_STDINT_H 1
| #define HAVE_UNISTD_H 1
| #define HAVE_FCNTL_H 1
| #define HAVE_SGTTY_H 1
| #define HAVE_STDLIB_H 1
| #define HAVE_STRING_H 1
| #define HAVE_STRINGS_H 1
| #define HAVE_SYS_FILE_H 1
| #define HAVE_SYS_TIME_H 1
| #define HAVE_UNISTD_H 1
| #define RETSIGTYPE void
| #define HAVE_STDLIB_H 1
| #define HAVE_MALLOC 1
| /* end confdefs.h.  */
| #include <windows.h>
configure:4666: result: no
configure:4666: checking for windows.h
configure:4666: result: no
configure:4666: checking locale.h usability
configure:4666: clang -c -g -O2 -w -Wno-return-type -I/usr/local/opt/libxml2/include conftest.c >&5
configure:4666: $? = 0
configure:4666: result: yes
configure:4666: checking locale.h presence
configure:4666: clang -E -I/usr/local/opt/libxml2/include conftest.c
configure:4666: $? = 0
configure:4666: result: yes
configure:4666: checking for locale.h
configure:4666: result: yes
configure:4676: checking for initscr in -lncursesw
configure:4701: clang -o conftest -g -O2 -w -Wno-return-type -I/usr/local/opt/libxml2/include -lcurses -liconv conftest.c -lncursesw   >&5
ld: library not found for -lncursesw
clang-5.0: error: linker command failed with exit code 1 (use -v to see invocation)
configure:4701: $? = 1
configure: failed program was:
| /* confdefs.h */
| #define PACKAGE_NAME "rogueclone2s"
| #define PACKAGE_TARNAME "rogueclone2s"
| #define PACKAGE_VERSION "6.0"
| #define PACKAGE_STRING "rogueclone2s 6.0"
| #define PACKAGE_BUGREPORT "http://homepage2.nifty.com/107steps/"
| #define PACKAGE_URL ""
| #define PACKAGE "rogueclone2s"
| #define VERSION "6.0"
| #define STDC_HEADERS 1
| #define HAVE_SYS_TYPES_H 1
| #define HAVE_SYS_STAT_H 1
| #define HAVE_STDLIB_H 1
| #define HAVE_STRING_H 1
| #define HAVE_MEMORY_H 1
| #define HAVE_STRINGS_H 1
| #define HAVE_INTTYPES_H 1
| #define HAVE_STDINT_H 1
| #define HAVE_UNISTD_H 1
| #define HAVE_FCNTL_H 1
| #define HAVE_SGTTY_H 1
| #define HAVE_STDLIB_H 1
| #define HAVE_STRING_H 1
| #define HAVE_STRINGS_H 1
| #define HAVE_SYS_FILE_H 1
| #define HAVE_SYS_TIME_H 1
| #define HAVE_UNISTD_H 1
| #define RETSIGTYPE void
| #define HAVE_STDLIB_H 1
| #define HAVE_MALLOC 1
| #define HAVE_LOCALE_H 1
| /* end confdefs.h.  */
| 
| /* Override any GCC internal prototype to avoid an error.
|    Use char because int might match the return type of a GCC
|    builtin and then its argument prototype would still apply.  */
| #ifdef __cplusplus
| extern "C"
| #endif
| char initscr ();
| int
| main ()
| {
| return initscr ();
|   ;
|   return 0;
| }
configure:4710: result: no
configure:4721: checking for _sleep in -lkernel32
configure:4746: clang -o conftest -g -O2 -w -Wno-return-type -I/usr/local/opt/libxml2/include -lcurses -liconv conftest.c -lkernel32   >&5
ld: library not found for -lkernel32
clang-5.0: error: linker command failed with exit code 1 (use -v to see invocation)
configure:4746: $? = 1
configure: failed program was:
| /* confdefs.h */
| #define PACKAGE_NAME "rogueclone2s"
| #define PACKAGE_TARNAME "rogueclone2s"
| #define PACKAGE_VERSION "6.0"
| #define PACKAGE_STRING "rogueclone2s 6.0"
| #define PACKAGE_BUGREPORT "http://homepage2.nifty.com/107steps/"
| #define PACKAGE_URL ""
| #define PACKAGE "rogueclone2s"
| #define VERSION "6.0"
| #define STDC_HEADERS 1
| #define HAVE_SYS_TYPES_H 1
| #define HAVE_SYS_STAT_H 1
| #define HAVE_STDLIB_H 1
| #define HAVE_STRING_H 1
| #define HAVE_MEMORY_H 1
| #define HAVE_STRINGS_H 1
| #define HAVE_INTTYPES_H 1
| #define HAVE_STDINT_H 1
| #define HAVE_UNISTD_H 1
| #define HAVE_FCNTL_H 1
| #define HAVE_SGTTY_H 1
| #define HAVE_STDLIB_H 1
| #define HAVE_STRING_H 1
| #define HAVE_STRINGS_H 1
| #define HAVE_SYS_FILE_H 1
| #define HAVE_SYS_TIME_H 1
| #define HAVE_UNISTD_H 1
| #define RETSIGTYPE void
| #define HAVE_STDLIB_H 1
| #define HAVE_MALLOC 1
| #define HAVE_LOCALE_H 1
| /* end confdefs.h.  */
| 
| /* Override any GCC internal prototype to avoid an error.
|    Use char because int might match the return type of a GCC
|    builtin and then its argument prototype would still apply.  */
| #ifdef __cplusplus
| extern "C"
| #endif
| char _sleep ();
| int
| main ()
| {
| return _sleep ();
|   ;
|   return 0;
| }
configure:4755: result: no
configure:4769: checking for chdir
configure:4769: clang -o conftest -g -O2 -w -Wno-return-type -I/usr/local/opt/libxml2/include -lcurses -liconv conftest.c  >&5
configure:4769: $? = 0
configure:4769: result: yes
configure:4769: checking for getcwd
configure:4769: clang -o conftest -g -O2 -w -Wno-return-type -I/usr/local/opt/libxml2/include -lcurses -liconv conftest.c  >&5
configure:4769: $? = 0
configure:4769: result: yes
configure:4769: checking for getenv
configure:4769: clang -o conftest -g -O2 -w -Wno-return-type -I/usr/local/opt/libxml2/include -lcurses -liconv conftest.c  >&5
configure:4769: $? = 0
configure:4769: result: yes
configure:4769: checking for getlogin
configure:4769: clang -o conftest -g -O2 -w -Wno-return-type -I/usr/local/opt/libxml2/include -lcurses -liconv conftest.c  >&5
configure:4769: $? = 0
configure:4769: result: yes
configure:4769: checking for memset
configure:4769: clang -o conftest -g -O2 -w -Wno-return-type -I/usr/local/opt/libxml2/include -lcurses -liconv conftest.c  >&5
configure:4769: $? = 0
configure:4769: result: yes
configure:4769: checking for putenv
configure:4769: clang -o conftest -g -O2 -w -Wno-return-type -I/usr/local/opt/libxml2/include -lcurses -liconv conftest.c  >&5
configure:4769: $? = 0
configure:4769: result: yes
configure:4769: checking for setenv
configure:4769: clang -o conftest -g -O2 -w -Wno-return-type -I/usr/local/opt/libxml2/include -lcurses -liconv conftest.c  >&5
configure:4769: $? = 0
configure:4769: result: yes
configure:4769: checking for setlocale
configure:4769: clang -o conftest -g -O2 -w -Wno-return-type -I/usr/local/opt/libxml2/include -lcurses -liconv conftest.c  >&5
configure:4769: $? = 0
configure:4769: result: yes
configure:4769: checking for strchr
configure:4769: clang -o conftest -g -O2 -w -Wno-return-type -I/usr/local/opt/libxml2/include -lcurses -liconv conftest.c  >&5
configure:4769: $? = 0
configure:4769: result: yes
configure:4769: checking for sleep
configure:4769: clang -o conftest -g -O2 -w -Wno-return-type -I/usr/local/opt/libxml2/include -lcurses -liconv conftest.c  >&5
configure:4769: $? = 0
configure:4769: result: yes
configure:4781: checking for assume_default_colors
configure:4781: clang -o conftest -g -O2 -w -Wno-return-type -I/usr/local/opt/libxml2/include -lcurses -liconv conftest.c  >&5
configure:4781: $? = 0
configure:4781: result: yes
configure:4781: checking for attr_get
configure:4781: clang -o conftest -g -O2 -w -Wno-return-type -I/usr/local/opt/libxml2/include -lcurses -liconv conftest.c  >&5
configure:4781: $? = 0
configure:4781: result: yes
configure:4939: creating ./config.status

## ---------------------- ##
## Running config.status. ##
## ---------------------- ##

This file was extended by rogueclone2s config.status 6.0, which was
generated by GNU Autoconf 2.69.  Invocation command line was

  CONFIG_FILES    = 
  CONFIG_HEADERS  = 
  CONFIG_LINKS    = 
  CONFIG_COMMANDS = 
  $ ./config.status 

on suzukiiichiro-2.local

config.status:881: creating Makefile
config.status:881: creating doc/Makefile
config.status:881: creating man/Makefile
config.status:881: creating msg/Makefile
config.status:881: creating src/Makefile
config.status:881: creating config.h
config.status:1062: config.h is unchanged
config.status:1110: executing depfiles commands

## ---------------- ##
## Cache variables. ##
## ---------------- ##

ac_cv_c_compiler_gnu=yes
ac_cv_c_const=yes
ac_cv_env_CC_set=set
ac_cv_env_CC_value=clang
ac_cv_env_CFLAGS_set=set
ac_cv_env_CFLAGS_value='-g -O2 -w -Wno-return-type'
ac_cv_env_CPPFLAGS_set=set
ac_cv_env_CPPFLAGS_value=-I/usr/local/opt/libxml2/include
ac_cv_env_CPP_set=
ac_cv_env_CPP_value=
ac_cv_env_LDFLAGS_set=set
ac_cv_env_LDFLAGS_value='-lcurses -liconv'
ac_cv_env_LIBS_set=
ac_cv_env_LIBS_value=
ac_cv_env_build_alias_set=
ac_cv_env_build_alias_value=
ac_cv_env_host_alias_set=
ac_cv_env_host_alias_value=
ac_cv_env_target_alias_set=
ac_cv_env_target_alias_value=
ac_cv_func_assume_default_colors=yes
ac_cv_func_attr_get=yes
ac_cv_func_chdir=yes
ac_cv_func_getcwd=yes
ac_cv_func_getenv=yes
ac_cv_func_getlogin=yes
ac_cv_func_lstat_dereferences_slashed_symlink=no
ac_cv_func_malloc_0_nonnull=yes
ac_cv_func_memcmp_working=yes
ac_cv_func_memset=yes
ac_cv_func_putenv=yes
ac_cv_func_setenv=yes
ac_cv_func_setlocale=yes
ac_cv_func_sleep=yes
ac_cv_func_stat_empty_string_bug=no
ac_cv_func_strchr=yes
ac_cv_header_fcntl_h=yes
ac_cv_header_inttypes_h=yes
ac_cv_header_locale_h=yes
ac_cv_header_memory_h=yes
ac_cv_header_sgtty_h=yes
ac_cv_header_stdc=yes
ac_cv_header_stdint_h=yes
ac_cv_header_stdlib_h=yes
ac_cv_header_string_h=yes
ac_cv_header_strings_h=yes
ac_cv_header_sys_file_h=yes
ac_cv_header_sys_stat_h=yes
ac_cv_header_sys_time_h=yes
ac_cv_header_sys_types_h=yes
ac_cv_header_termio_h=no
ac_cv_header_unistd_h=yes
ac_cv_header_windows_h=no
ac_cv_lib_kernel32__sleep=no
ac_cv_lib_ncursesw_initscr=no
ac_cv_objext=o
ac_cv_path_EGREP='/opt/local/bin/grep -E'
ac_cv_path_GREP=/opt/local/bin/grep
ac_cv_path_install='/usr/bin/install -c'
ac_cv_prog_AWK=gawk
ac_cv_prog_CPP='clang -E'
ac_cv_prog_ac_ct_CC=clang
ac_cv_prog_cc_c89=
ac_cv_prog_cc_clang_c_o=yes
ac_cv_prog_cc_g=yes
ac_cv_prog_gcc_traditional=no
ac_cv_prog_make_make_set=yes
ac_cv_struct_tm=time.h
ac_cv_type_signal=void
ac_cv_type_size_t=yes
am_cv_CC_dependencies_compiler_type=gcc3

## ----------------- ##
## Output variables. ##
## ----------------- ##

ACLOCAL='${SHELL} /Users/suzukiiichiro/GoogleDrive/GitHub/AI_Algorithm_Game/AI_Algorithm_Game_Rogue/rogueclone2s-utf8/rogueclone2s-utf8g/missing --run aclocal-1.11'
AMDEPBACKSLASH='\'
AMDEP_FALSE='#'
AMDEP_TRUE=''
AMTAR='${SHELL} /Users/suzukiiichiro/GoogleDrive/GitHub/AI_Algorithm_Game/AI_Algorithm_Game_Rogue/rogueclone2s-utf8/rogueclone2s-utf8g/missing --run tar'
AUTOCONF='${SHELL} /Users/suzukiiichiro/GoogleDrive/GitHub/AI_Algorithm_Game/AI_Algorithm_Game_Rogue/rogueclone2s-utf8/rogueclone2s-utf8g/missing --run autoconf'
AUTOHEADER='${SHELL} /Users/suzukiiichiro/GoogleDrive/GitHub/AI_Algorithm_Game/AI_Algorithm_Game_Rogue/rogueclone2s-utf8/rogueclone2s-utf8g/missing --run autoheader'
AUTOMAKE='${SHELL} /Users/suzukiiichiro/GoogleDrive/GitHub/AI_Algorithm_Game/AI_Algorithm_Game_Rogue/rogueclone2s-utf8/rogueclone2s-utf8g/missing --run automake-1.11'
AWK='gawk'
CC='clang'
CCDEPMODE='depmode=gcc3'
CFLAGS='-g -O2 -w -Wno-return-type'
CPP='clang -E'
CPPFLAGS='-I/usr/local/opt/libxml2/include'
CYGPATH_W='echo'
DEFS='-DHAVE_CONFIG_H'
DEPDIR='.deps'
ECHO_C='\c'
ECHO_N=''
ECHO_T=''
EGREP='/opt/local/bin/grep -E'
EXEEXT=''
GREP='/opt/local/bin/grep'
INSTALL_DATA='${INSTALL} -m 644'
INSTALL_PROGRAM='${INSTALL}'
INSTALL_SCRIPT='${INSTALL}'
INSTALL_STRIP_PROGRAM='$(install_sh) -c -s'
LDFLAGS='-lcurses -liconv'
LIBOBJS=' ${LIBOBJDIR}lstat$U.o'
LIBS=''
LTLIBOBJS=' ${LIBOBJDIR}lstat$U.lo'
MAKEINFO='${SHELL} /Users/suzukiiichiro/GoogleDrive/GitHub/AI_Algorithm_Game/AI_Algorithm_Game_Rogue/rogueclone2s-utf8/rogueclone2s-utf8g/missing --run makeinfo'
MKDIR_P='./install-sh -c -d'
OBJEXT='o'
PACKAGE='rogueclone2s'
PACKAGE_BUGREPORT='http://homepage2.nifty.com/107steps/'
PACKAGE_NAME='rogueclone2s'
PACKAGE_STRING='rogueclone2s 6.0'
PACKAGE_TARNAME='rogueclone2s'
PACKAGE_URL=''
PACKAGE_VERSION='6.0'
PATH_SEPARATOR=':'
SET_MAKE=''
SHELL='/bin/sh'
STRIP=''
VERSION='6.0'
ac_ct_CC='clang'
am__EXEEXT_FALSE=''
am__EXEEXT_TRUE='#'
am__fastdepCC_FALSE='#'
am__fastdepCC_TRUE=''
am__include='include'
am__isrc=''
am__leading_dot='.'
am__quote=''
am__tar='${AMTAR} chof - "$$tardir"'
am__untar='${AMTAR} xf -'
bindir='${exec_prefix}/bin'
build_alias=''
datadir='${datarootdir}'
datarootdir='${prefix}/share'
docdir='${datarootdir}/doc/${PACKAGE_TARNAME}'
dvidir='${docdir}'
exec_prefix='${prefix}'
host_alias=''
htmldir='${docdir}'
includedir='${prefix}/include'
infodir='${datarootdir}/info'
install_sh='${SHELL} /Users/suzukiiichiro/GoogleDrive/GitHub/AI_Algorithm_Game/AI_Algorithm_Game_Rogue/rogueclone2s-utf8/rogueclone2s-utf8g/install-sh'
libdir='${exec_prefix}/lib'
libexecdir='${exec_prefix}/libexec'
localedir='${datarootdir}/locale'
localstatedir='${prefix}/var'
mandir='${datarootdir}/man'
mkdir_p='$(top_builddir)/./install-sh -c -d'
oldincludedir='/usr/include'
pdfdir='${docdir}'
prefix='/usr/local'
program_transform_name='s,x,x,'
psdir='${docdir}'
sbindir='${exec_prefix}/sbin'
sharedstatedir='${prefix}/com'
sysconfdir='${prefix}/etc'
target_alias=''

## ----------- ##
## confdefs.h. ##
## ----------- ##

/* confdefs.h */
#define PACKAGE_NAME "rogueclone2s"
#define PACKAGE_TARNAME "rogueclone2s"
#define PACKAGE_VERSION "6.0"
#define PACKAGE_STRING "rogueclone2s 6.0"
#define PACKAGE_BUGREPORT "http://homepage2.nifty.com/107steps/"
#define PACKAGE_URL ""
#define PACKAGE "rogueclone2s"
#define VERSION "6.0"
#define STDC_HEADERS 1
#define HAVE_SYS_TYPES_H 1
#define HAVE_SYS_STAT_H 1
#define HAVE_STDLIB_H 1
#define HAVE_STRING_H 1
#define HAVE_MEMORY_H 1
#define HAVE_STRINGS_H 1
#define HAVE_INTTYPES_H 1
#define HAVE_STDINT_H 1
#define HAVE_UNISTD_H 1
#define HAVE_FCNTL_H 1
#define HAVE_SGTTY_H 1
#define HAVE_STDLIB_H 1
#define HAVE_STRING_H 1
#define HAVE_STRINGS_H 1
#define HAVE_SYS_FILE_H 1
#define HAVE_SYS_TIME_H 1
#define HAVE_UNISTD_H 1
#define RETSIGTYPE void
#define HAVE_STDLIB_H 1
#define HAVE_MALLOC 1
#define HAVE_LOCALE_H 1
#define HAVE_CHDIR 1
#define HAVE_GETCWD 1
#define HAVE_GETENV 1
#define HAVE_GETLOGIN 1
#define HAVE_MEMSET 1
#define HAVE_PUTENV 1
#define HAVE_SETENV 1
#define HAVE_SETLOCALE 1
#define HAVE_STRCHR 1
#define HAVE_SLEEP 1
#define HAVE_ASSUME_DEFAULT_COLORS 1
#define HAVE_ATTR_GET 1
#define COLOR /**/

configure: exit 0
